18-11-2021 19:07:06 INFO org.hibernate.validator.internal.util.Version [background-preinit] HV000001: Hibernate Validator 6.1.6.Final
18-11-2021 19:07:06 INFO pl.lodz.p.it.gymbackend.servicestarter.GymBackendApplication [main] Starting GymBackendApplication using Java 11.0.11 on LAPTOP-9U07OP1D with PID 1832 (C:\Users\a822292\Gym\service-starter\target\classes started by a822292 in C:\Users\a822292\Gym)
18-11-2021 19:07:06 INFO pl.lodz.p.it.gymbackend.servicestarter.GymBackendApplication [main] No active profile set, falling back to default profiles: default
18-11-2021 19:07:07 INFO org.springframework.data.repository.config.RepositoryConfigurationDelegate [main] Bootstrapping Spring Data JPA repositories in DEFAULT mode.
18-11-2021 19:07:07 INFO org.springframework.data.repository.config.RepositoryConfigurationDelegate [main] Finished Spring Data repository scanning in 230 ms. Found 9 JPA repository interfaces.
18-11-2021 19:07:09 INFO org.springframework.boot.web.embedded.tomcat.TomcatWebServer [main] Tomcat initialized with port(s): 8080 (http)
18-11-2021 19:07:09 INFO org.apache.coyote.http11.Http11NioProtocol [main] Initializing ProtocolHandler ["http-nio-8080"]
18-11-2021 19:07:09 INFO org.apache.catalina.core.StandardService [main] Starting service [Tomcat]
18-11-2021 19:07:09 INFO org.apache.catalina.core.StandardEngine [main] Starting Servlet engine: [Apache Tomcat/9.0.52]
18-11-2021 19:07:09 INFO org.apache.catalina.core.ContainerBase.[Tomcat].[localhost].[/] [main] Initializing Spring embedded WebApplicationContext
18-11-2021 19:07:09 INFO org.springframework.boot.web.servlet.context.ServletWebServerApplicationContext [main] Root WebApplicationContext: initialization completed in 2933 ms
18-11-2021 19:07:09 INFO com.zaxxer.hikari.HikariDataSource [main] HikariPool-1 - Starting...
18-11-2021 19:07:09 INFO com.zaxxer.hikari.HikariDataSource [main] HikariPool-1 - Start completed.
18-11-2021 19:07:10 INFO liquibase.database [main] Set default schema name to public
18-11-2021 19:07:10 INFO liquibase.lockservice [main] Successfully acquired change log lock
18-11-2021 19:07:11 INFO liquibase.changelog [main] Reading from public.databasechangelog
18-11-2021 19:07:11 INFO liquibase.lockservice [main] Successfully released change log lock
18-11-2021 19:07:11 INFO org.hibernate.jpa.internal.util.LogHelper [main] HHH000204: Processing PersistenceUnitInfo [name: default]
18-11-2021 19:07:11 INFO org.hibernate.Version [main] HHH000412: Hibernate ORM core version 5.4.32.Final
18-11-2021 19:07:11 INFO org.hibernate.annotations.common.Version [main] HCANN000001: Hibernate Commons Annotations {5.1.2.Final}
18-11-2021 19:07:11 INFO org.hibernate.dialect.Dialect [main] HHH000400: Using dialect: org.hibernate.dialect.PostgreSQL10Dialect
18-11-2021 19:07:13 INFO org.hibernate.engine.transaction.jta.platform.internal.JtaPlatformInitiator [main] HHH000490: Using JtaPlatform implementation: [org.hibernate.engine.transaction.jta.platform.internal.NoJtaPlatform]
18-11-2021 19:07:13 INFO org.springframework.orm.jpa.LocalContainerEntityManagerFactoryBean [main] Initialized JPA EntityManagerFactory for persistence unit 'default'
18-11-2021 19:07:14 WARN org.springframework.boot.autoconfigure.orm.jpa.JpaBaseConfiguration$JpaWebConfiguration [main] spring.jpa.open-in-view is enabled by default. Therefore, database queries may be performed during view rendering. Explicitly configure spring.jpa.open-in-view to disable this warning
18-11-2021 19:07:15 INFO springfox.documentation.spring.web.PropertySourcedRequestMappingHandlerMapping [main] Mapped URL path [/v2/api-docs] onto method [springfox.documentation.swagger2.web.Swagger2Controller#getDocumentation(String, HttpServletRequest)]
18-11-2021 19:07:16 INFO org.springframework.security.web.DefaultSecurityFilterChain [main] Will secure any request with [org.springframework.security.web.context.request.async.WebAsyncManagerIntegrationFilter@758e8b8d, org.springframework.security.web.context.SecurityContextPersistenceFilter@19b89a23, org.springframework.security.web.header.HeaderWriterFilter@2baf2c6, org.springframework.web.filter.CorsFilter@760dc63, org.springframework.security.web.authentication.logout.LogoutFilter@1a02063a, pl.lodz.p.it.gymbackend.config.JWTRequestFilter@1766b009, org.springframework.security.web.savedrequest.RequestCacheAwareFilter@3b0b20a8, org.springframework.security.web.servletapi.SecurityContextHolderAwareRequestFilter@2822ee4b, org.springframework.security.web.authentication.AnonymousAuthenticationFilter@29922188, org.springframework.security.web.session.SessionManagementFilter@3ad9f06a, org.springframework.security.web.access.ExceptionTranslationFilter@60a54ad2, org.springframework.security.web.access.intercept.FilterSecurityInterceptor@7105d271]
18-11-2021 19:07:16 INFO org.apache.coyote.http11.Http11NioProtocol [main] Starting ProtocolHandler ["http-nio-8080"]
18-11-2021 19:07:16 INFO org.springframework.boot.web.embedded.tomcat.TomcatWebServer [main] Tomcat started on port(s): 8080 (http) with context path ''
18-11-2021 19:07:16 INFO springfox.documentation.spring.web.plugins.DocumentationPluginsBootstrapper [main] Context refreshed
18-11-2021 19:07:16 INFO springfox.documentation.spring.web.plugins.DocumentationPluginsBootstrapper [main] Found 1 custom documentation plugin(s)
18-11-2021 19:07:17 INFO springfox.documentation.spring.web.scanners.ApiListingReferenceScanner [main] Scanning for api listing references
18-11-2021 19:07:17 INFO springfox.documentation.spring.web.readers.operation.CachingOperationNameGenerator [main] Generating unique operation named: deleteDiet_1
18-11-2021 19:07:17 INFO springfox.documentation.spring.web.readers.operation.CachingOperationNameGenerator [main] Generating unique operation named: openapiJsonUsingGET_1
18-11-2021 19:07:17 INFO springfox.documentation.spring.web.readers.operation.CachingOperationNameGenerator [main] Generating unique operation named: deleteTrainingPlan_1
18-11-2021 19:07:17 INFO pl.lodz.p.it.gymbackend.servicestarter.GymBackendApplication [main] Started GymBackendApplication in 11.757 seconds (JVM running for 14.542)
18-11-2021 19:07:25 INFO org.apache.catalina.core.ContainerBase.[Tomcat].[localhost].[/] [http-nio-8080-exec-1] Initializing Spring DispatcherServlet 'dispatcherServlet'
18-11-2021 19:07:25 INFO org.springframework.web.servlet.DispatcherServlet [http-nio-8080-exec-1] Initializing Servlet 'dispatcherServlet'
18-11-2021 19:07:25 INFO org.springframework.web.servlet.DispatcherServlet [http-nio-8080-exec-1] Completed initialization in 1 ms
18-11-2021 19:07:26 INFO pl.lodz.p.it.gymbackend.logging.LoggingAspect [http-nio-8080-exec-1] Class AccountRepositoryService invoked method: loadUserByUsername with args: {username=arturro}
18-11-2021 19:07:26 INFO pl.lodz.p.it.gymbackend.logging.LoggingAspect [http-nio-8080-exec-1] Class BaseRepository invoked method: findByBusinessId with args: {businessId=arturro}
18-11-2021 19:07:26 INFO pl.lodz.p.it.gymbackend.logging.LoggingAspect [http-nio-8080-exec-1] Class BaseRepository finished method: findByBusinessId in 336 ms and returned: Optional[AccountEntity(email=art.daj@wp.pl, active=true, confirmed=true, firstName=Artur, lastName=Arturowy, phoneNumber=987654321, language=pl, modifiedBy=null, lastKnownGoodLogin=null, lastKnownGoodLoginIp=null, lastKnownBadLogin=null, lastKnownBadLoginIp=null, badLoginsCounter=0, loyaltyFactor=1.0, gymMember=true, trainingPlans=[], diets=[])]
18-11-2021 19:07:26 INFO pl.lodz.p.it.gymbackend.logging.LoggingAspect [http-nio-8080-exec-1] Class AccessLevelRepository invoked method: findByAccount with args: {accountEntity=AccountEntity(email=art.daj@wp.pl, active=true, confirmed=true, firstName=Artur, lastName=Arturowy, phoneNumber=987654321, language=pl, modifiedBy=null, lastKnownGoodLogin=null, lastKnownGoodLoginIp=null, lastKnownBadLogin=null, lastKnownBadLoginIp=null, badLoginsCounter=0, loyaltyFactor=1.0, gymMember=true, trainingPlans=[], diets=[])}
18-11-2021 19:07:26 INFO pl.lodz.p.it.gymbackend.logging.LoggingAspect [http-nio-8080-exec-1] Class AccessLevelRepository finished method: findByAccount in 17 ms and returned: ArrayList with size of: 1
18-11-2021 19:07:26 INFO pl.lodz.p.it.gymbackend.logging.LoggingAspect [http-nio-8080-exec-1] Class AccountRepositoryService finished method: loadUserByUsername in 406 ms and returned: pl.lodz.p.it.core.domain.UserPrincipal@1d4dcd70
18-11-2021 19:07:26 INFO pl.lodz.p.it.gymbackend.logging.LoggingAspect [http-nio-8080-exec-1] Class BaseService invoked method: find with args: {key=arturro}
18-11-2021 19:07:26 INFO pl.lodz.p.it.gymbackend.logging.LoggingAspect [http-nio-8080-exec-1] Class AccountRepositoryService invoked method: find with args: {key=arturro}
18-11-2021 19:07:26 INFO pl.lodz.p.it.gymbackend.logging.LoggingAspect [http-nio-8080-exec-1] Class BaseRepository invoked method: findByBusinessId with args: {businessId=arturro}
18-11-2021 19:07:26 INFO pl.lodz.p.it.gymbackend.logging.LoggingAspect [http-nio-8080-exec-1] Class BaseRepository finished method: findByBusinessId in 1 ms and returned: Optional[AccountEntity(email=art.daj@wp.pl, active=true, confirmed=true, firstName=Artur, lastName=Arturowy, phoneNumber=987654321, language=pl, modifiedBy=null, lastKnownGoodLogin=null, lastKnownGoodLoginIp=null, lastKnownBadLogin=null, lastKnownBadLoginIp=null, badLoginsCounter=0, loyaltyFactor=1.0, gymMember=true, trainingPlans=[], diets=[])]
18-11-2021 19:07:26 INFO pl.lodz.p.it.gymbackend.logging.LoggingAspect [http-nio-8080-exec-1] Class AccountRepositoryService finished method: find in 2 ms and returned: Account(login=arturro, email=art.daj@wp.pl, password=$2a$10$ScBTqQ89yQk62NHnoEanLO.ApN6nz0SrIBhWKWoo7orDXfbHd4LaW, active=true, confirmed=true, firstName=Artur, lastName=Arturowy, phoneNumber=987654321, language=pl, modifiedBy=null, lastKnownGoodLogin=null, lastKnownGoodLoginIp=null, lastKnownBadLogin=null, lastKnownBadLoginIp=null, badLoginsCounter=0, loyaltyFactor=1.0, gymMember=true, trainingPlans=[], diets=[])
18-11-2021 19:07:26 INFO pl.lodz.p.it.gymbackend.logging.LoggingAspect [http-nio-8080-exec-1] Class BaseService finished method: find in 58 ms and returned: Account(login=arturro, email=art.daj@wp.pl, password=$2a$10$ScBTqQ89yQk62NHnoEanLO.ApN6nz0SrIBhWKWoo7orDXfbHd4LaW, active=true, confirmed=true, firstName=Artur, lastName=Arturowy, phoneNumber=987654321, language=pl, modifiedBy=null, lastKnownGoodLogin=null, lastKnownGoodLoginIp=null, lastKnownBadLogin=null, lastKnownBadLoginIp=null, badLoginsCounter=0, loyaltyFactor=1.0, gymMember=true, trainingPlans=[], diets=[])
18-11-2021 19:07:26 INFO pl.lodz.p.it.gymbackend.logging.LoggingAspect [http-nio-8080-exec-1] Class AccessLevelService invoked method: findByAccount with args: {account=Account(login=arturro, email=art.daj@wp.pl, password=$2a$10$ScBTqQ89yQk62NHnoEanLO.ApN6nz0SrIBhWKWoo7orDXfbHd4LaW, active=true, confirmed=true, firstName=Artur, lastName=Arturowy, phoneNumber=987654321, language=pl, modifiedBy=null, lastKnownGoodLogin=null, lastKnownGoodLoginIp=null, lastKnownBadLogin=null, lastKnownBadLoginIp=null, badLoginsCounter=0, loyaltyFactor=1.0, gymMember=true, trainingPlans=[], diets=[])}
18-11-2021 19:07:26 INFO pl.lodz.p.it.gymbackend.logging.LoggingAspect [http-nio-8080-exec-1] Class AccessLevelRepositoryService invoked method: findByAccount with args: {account=Account(login=arturro, email=art.daj@wp.pl, password=$2a$10$ScBTqQ89yQk62NHnoEanLO.ApN6nz0SrIBhWKWoo7orDXfbHd4LaW, active=true, confirmed=true, firstName=Artur, lastName=Arturowy, phoneNumber=987654321, language=pl, modifiedBy=null, lastKnownGoodLogin=null, lastKnownGoodLoginIp=null, lastKnownBadLogin=null, lastKnownBadLoginIp=null, badLoginsCounter=0, loyaltyFactor=1.0, gymMember=true, trainingPlans=[], diets=[])}
18-11-2021 19:07:26 INFO pl.lodz.p.it.gymbackend.logging.LoggingAspect [http-nio-8080-exec-1] Class BaseRepository invoked method: findByBusinessId with args: {businessId=arturro}
18-11-2021 19:07:26 INFO pl.lodz.p.it.gymbackend.logging.LoggingAspect [http-nio-8080-exec-1] Class BaseRepository finished method: findByBusinessId in 3 ms and returned: Optional[AccountEntity(email=art.daj@wp.pl, active=true, confirmed=true, firstName=Artur, lastName=Arturowy, phoneNumber=987654321, language=pl, modifiedBy=null, lastKnownGoodLogin=null, lastKnownGoodLoginIp=null, lastKnownBadLogin=null, lastKnownBadLoginIp=null, badLoginsCounter=0, loyaltyFactor=1.0, gymMember=true, trainingPlans=[], diets=[])]
18-11-2021 19:07:26 INFO pl.lodz.p.it.gymbackend.logging.LoggingAspect [http-nio-8080-exec-1] Class AccessLevelRepository invoked method: findByAccount with args: {accountEntity=AccountEntity(email=art.daj@wp.pl, active=true, confirmed=true, firstName=Artur, lastName=Arturowy, phoneNumber=987654321, language=pl, modifiedBy=null, lastKnownGoodLogin=null, lastKnownGoodLoginIp=null, lastKnownBadLogin=null, lastKnownBadLoginIp=null, badLoginsCounter=0, loyaltyFactor=1.0, gymMember=true, trainingPlans=[], diets=[])}
18-11-2021 19:07:26 INFO pl.lodz.p.it.gymbackend.logging.LoggingAspect [http-nio-8080-exec-1] Class AccessLevelRepository finished method: findByAccount in 0 ms and returned: ArrayList with size of: 1
18-11-2021 19:07:26 INFO pl.lodz.p.it.gymbackend.logging.LoggingAspect [http-nio-8080-exec-1] Class AccessLevelRepositoryService finished method: findByAccount in 9 ms and returned: ArrayList with size of: 1
18-11-2021 19:07:26 INFO pl.lodz.p.it.gymbackend.logging.LoggingAspect [http-nio-8080-exec-1] Class AccessLevelService finished method: findByAccount in 15 ms and returned: ArrayList with size of: 1
18-11-2021 19:41:53 WARN com.zaxxer.hikari.pool.HikariPool [HikariPool-1 housekeeper] HikariPool-1 - Thread starvation or clock leap detected (housekeeper delta=30m43s14ms589µs600ns).
18-11-2021 20:01:50 WARN com.zaxxer.hikari.pool.HikariPool [HikariPool-1 housekeeper] HikariPool-1 - Thread starvation or clock leap detected (housekeeper delta=8m52s737ms527µs200ns).
18-11-2021 23:29:51 WARN com.zaxxer.hikari.pool.HikariPool [HikariPool-1 housekeeper] HikariPool-1 - Thread starvation or clock leap detected (housekeeper delta=2h26m29s960ms135µs400ns).
